mypr/android/app/build/intermediates/manifest_merge_blame_file/release/processReleaseMainManifest/manifest-merger-blame-release-report.txt
1<?xml version="1.0" encoding="utf-8"?>
2<manifest xmlns:android="http://schemas.android.com/apk/res/android"
3    package="com.example.mypr"
4    android:versionCode="1"
5    android:versionName="1.0" >
6
7    <uses-sdk
8        android:minSdkVersion="21"
9        android:targetSdkVersion="33" />
10    <!--
11         Required to query activities that can process text, see:
12         https://developer.android.com/training/package-visibility and
13         https://developer.android.com/reference/android/content/Intent#ACTION_PROCESS_TEXT.
14
15         In particular, this is used by the Flutter engine in io.flutter.plugin.text.ProcessTextPlugin.
16    -->
17    <queries>
17-->src\main\AndroidManifest.xml:39:5-44:15
18        <intent>
18-->src\main\AndroidManifest.xml:40:9-43:18
19            <action android:name="android.intent.action.PROCESS_TEXT" />
19-->src\main\AndroidManifest.xml:41:13-72
19-->src\main\AndroidManifest.xml:41:21-70
20
21            <data android:mimeType="text/plain" />
21-->src\main\AndroidManifest.xml:42:13-50
21-->src\main\AndroidManifest.xml:42:19-48
22        </intent>
23    </queries>
24    <!-- Required permission for App measurement to run. -->
25    <uses-permission android:name="android.permission.INTERNET" />
25-->[com.google.android.gms:play-services-measurement:19.0.0] AndroidManifest.xml:23:5-67
25-->[com.google.android.gms:play-services-measurement:19.0.0] AndroidManifest.xml:23:22-64
26    <uses-permission android:name="android.permission.ACCESS_NETWORK_STATE" />
26-->[com.google.android.gms:play-services-measurement:19.0.0] AndroidManifest.xml:24:5-79
26-->[com.google.android.gms:play-services-measurement:19.0.0] AndroidManifest.xml:24:22-76
27    <uses-permission android:name="android.permission.WAKE_LOCK" />
27-->[com.google.android.gms:play-services-measurement:19.0.0] AndroidManifest.xml:25:5-68
27-->[com.google.android.gms:play-services-measurement:19.0.0] AndroidManifest.xml:25:22-65
28    <uses-permission android:name="com.google.android.finsky.permission.BIND_GET_INSTALL_REFERRER_SERVICE" />
28-->[com.google.android.gms:play-services-measurement:19.0.0] AndroidManifest.xml:26:5-110
28-->[com.google.android.gms:play-services-measurement:19.0.0] AndroidManifest.xml:26:22-107
29
30    <application
31        android:name="android.app.Application"
31-->src\main\AndroidManifest.xml:4:9-42
32        android:appComponentFactory="androidx.core.app.CoreComponentFactory"
32-->[androidx.core:core:1.0.0] AndroidManifest.xml:22:18-86
33        android:extractNativeLibs="true"
34        android:icon="@mipmap/ic_launcher"
34-->src\main\AndroidManifest.xml:5:9-43
35        android:label="mypr" >
35-->src\main\AndroidManifest.xml:3:9-29
36        <activity
36-->src\main\AndroidManifest.xml:6:9-27:20
37            android:name="com.example.mypr.MainActivity"
37-->src\main\AndroidManifest.xml:7:13-41
38            android:configChanges="orientation|keyboardHidden|keyboard|screenSize|smallestScreenSize|locale|layoutDirection|fontScale|screenLayout|density|uiMode"
38-->src\main\AndroidManifest.xml:12:13-163
39            android:exported="true"
39-->src\main\AndroidManifest.xml:8:13-36
40            android:hardwareAccelerated="true"
40-->src\main\AndroidManifest.xml:13:13-47
41            android:launchMode="singleTop"
41-->src\main\AndroidManifest.xml:9:13-43
42            android:taskAffinity=""
42-->src\main\AndroidManifest.xml:10:13-36
43            android:theme="@style/LaunchTheme"
43-->src\main\AndroidManifest.xml:11:13-47
44            android:windowSoftInputMode="adjustResize" >
44-->src\main\AndroidManifest.xml:14:13-55
45
46            <!--
47                 Specifies an Android theme to apply to this Activity as soon as
48                 the Android process has started. This theme is visible to the user
49                 while the Flutter UI initializes. After that, this theme continues
50                 to determine the Window background behind the Flutter UI.
51            -->
52            <meta-data
52-->src\main\AndroidManifest.xml:19:13-22:17
53                android:name="io.flutter.embedding.android.NormalTheme"
53-->src\main\AndroidManifest.xml:20:15-70
54                android:resource="@style/NormalTheme" />
54-->src\main\AndroidManifest.xml:21:15-52
55
56            <intent-filter>
56-->src\main\AndroidManifest.xml:23:13-26:29
57                <action android:name="android.intent.action.MAIN" />
57-->src\main\AndroidManifest.xml:24:17-68
57-->src\main\AndroidManifest.xml:24:25-66
58
59                <category android:name="android.intent.category.LAUNCHER" />
59-->src\main\AndroidManifest.xml:25:17-76
59-->src\main\AndroidManifest.xml:25:27-74
60            </intent-filter>
61        </activity>
62        <!--
63             Don't delete the meta-data below.
64             This is used by the Flutter tool to generate GeneratedPluginRegistrant.java
65        -->
66        <meta-data
66-->src\main\AndroidManifest.xml:30:9-32:33
67            android:name="flutterEmbedding"
67-->src\main\AndroidManifest.xml:31:13-44
68            android:value="2" />
68-->src\main\AndroidManifest.xml:32:13-30
69
70        <receiver
70-->[com.google.android.gms:play-services-measurement:19.0.0] AndroidManifest.xml:29:9-33:20
71            android:name="com.google.android.gms.measurement.AppMeasurementReceiver"
71-->[com.google.android.gms:play-services-measurement:19.0.0] AndroidManifest.xml:30:13-85
72            android:enabled="true"
72-->[com.google.android.gms:play-services-measurement:19.0.0] AndroidManifest.xml:31:13-35
73            android:exported="false" >
73-->[com.google.android.gms:play-services-measurement:19.0.0] AndroidManifest.xml:32:13-37
74        </receiver>
75
76        <service
76-->[com.google.android.gms:play-services-measurement:19.0.0] AndroidManifest.xml:35:9-38:40
77            android:name="com.google.android.gms.measurement.AppMeasurementService"
77-->[com.google.android.gms:play-services-measurement:19.0.0] AndroidManifest.xml:36:13-84
78            android:enabled="true"
78-->[com.google.android.gms:play-services-measurement:19.0.0] AndroidManifest.xml:37:13-35
79            android:exported="false" />
79-->[com.google.android.gms:play-services-measurement:19.0.0] AndroidManifest.xml:38:13-37
80        <service
80-->[com.google.android.gms:play-services-measurement:19.0.0] AndroidManifest.xml:39:9-43:72
81            android:name="com.google.android.gms.measurement.AppMeasurementJobService"
81-->[com.google.android.gms:play-services-measurement:19.0.0] AndroidManifest.xml:40:13-87
82            android:enabled="true"
82-->[com.google.android.gms:play-services-measurement:19.0.0] AndroidManifest.xml:41:13-35
83            android:exported="false"
83-->[com.google.android.gms:play-services-measurement:19.0.0] AndroidManifest.xml:42:13-37
84            android:permission="android.permission.BIND_JOB_SERVICE" />
84-->[com.google.android.gms:play-services-measurement:19.0.0] AndroidManifest.xml:43:13-69
85        <service
85-->[com.google.android.gms:play-services-measurement-api:19.0.0] AndroidManifest.xml:27:9-33:19
86            android:name="com.google.firebase.components.ComponentDiscoveryService"
86-->[com.google.android.gms:play-services-measurement-api:19.0.0] AndroidManifest.xml:28:13-84
87            android:directBootAware="true"
87-->[com.google.firebase:firebase-common:20.0.0] AndroidManifest.xml:35:13-43
88            android:exported="false" >
88-->[com.google.android.gms:play-services-measurement-api:19.0.0] AndroidManifest.xml:29:13-37
89            <meta-data
89-->[com.google.android.gms:play-services-measurement-api:19.0.0] AndroidManifest.xml:30:13-32:85
90                android:name="com.google.firebase.components:com.google.firebase.analytics.connector.internal.AnalyticsConnectorRegistrar"
90-->[com.google.android.gms:play-services-measurement-api:19.0.0] AndroidManifest.xml:31:17-139
91                android:value="com.google.firebase.components.ComponentRegistrar" />
91-->[com.google.android.gms:play-services-measurement-api:19.0.0] AndroidManifest.xml:32:17-82
92            <meta-data
92-->[com.google.firebase:firebase-installations:17.0.0] AndroidManifest.xml:18:13-20:85
93                android:name="com.google.firebase.components:com.google.firebase.installations.FirebaseInstallationsRegistrar"
93-->[com.google.firebase:firebase-installations:17.0.0] AndroidManifest.xml:19:17-127
94                android:value="com.google.firebase.components.ComponentRegistrar" />
94-->[com.google.firebase:firebase-installations:17.0.0] AndroidManifest.xml:20:17-82
95        </service>
96
97        <provider
97-->[com.google.firebase:firebase-common:20.0.0] AndroidManifest.xml:26:9-31:39
98            android:name="com.google.firebase.provider.FirebaseInitProvider"
98-->[com.google.firebase:firebase-common:20.0.0] AndroidManifest.xml:27:13-77
99            android:authorities="com.example.mypr.firebaseinitprovider"
99-->[com.google.firebase:firebase-common:20.0.0] AndroidManifest.xml:28:13-72
100            android:directBootAware="true"
100-->[com.google.firebase:firebase-common:20.0.0] AndroidManifest.xml:29:13-43
101            android:exported="false"
101-->[com.google.firebase:firebase-common:20.0.0] AndroidManifest.xml:30:13-37
102            android:initOrder="100" />
102-->[com.google.firebase:firebase-common:20.0.0] AndroidManifest.xml:31:13-36
103
104        <meta-data
104-->[com.google.android.gms:play-services-basement:17.0.0] AndroidManifest.xml:23:9-25:69
105            android:name="com.google.android.gms.version"
105-->[com.google.android.gms:play-services-basement:17.0.0] AndroidManifest.xml:24:13-58
106            android:value="@integer/google_play_services_version" />
106-->[com.google.android.gms:play-services-basement:17.0.0] AndroidManifest.xml:25:13-66
107    </application>
108
109</manifest>